android-FingerprintDialog-master/Application/build/outputs/logs/manifest-merger-debug-report.txt
-- Merging decision tree log ---
manifest
ADDED from src\main\AndroidManifest.xml:2:1-28:12
	package
		ADDED from src\main\AndroidManifest.xml:3:11-58
	android:versionName
		ADDED from src\main\AndroidManifest.xml:5:11-36
		INJECTED from src\main\AndroidManifest.xml
		INJECTED from src\main\AndroidManifest.xml
	android:versionCode
		ADDED from src\main\AndroidManifest.xml:4:11-34
		INJECTED from src\main\AndroidManifest.xml
		INJECTED from src\main\AndroidManifest.xml
	xmlns:android
		ADDED from src\main\AndroidManifest.xml:2:11-69
uses-permission#android.permission.USE_FINGERPRINT
ADDED from src\main\AndroidManifest.xml:7:5-73
	android:name
		ADDED from src\main\AndroidManifest.xml:7:22-71
application
ADDED from src\main\AndroidManifest.xml:9:5-27:19
MERGED from [com.android.support:support-v13:24.1.1] AndroidManifest.xml:25:5-20
MERGED from [com.android.support:support-v4:24.1.1] AndroidManifest.xml:25:5-20
MERGED from [com.android.support:cardview-v7:24.1.1] AndroidManifest.xml:22:5-20
MERGED from [com.android.support:appcompat-v7:24.1.1] AndroidManifest.xml:25:5-20
MERGED from [com.android.support:animated-vector-drawable:24.1.1] AndroidManifest.xml:22:5-20
MERGED from [com.android.support:support-vector-drawable:24.1.1] AndroidManifest.xml:23:5-20
	android:label
		ADDED from src\main\AndroidManifest.xml:11:13-53
	android:allowBackup
		ADDED from src\main\AndroidManifest.xml:10:13-39
	android:icon
		ADDED from src\main\AndroidManifest.xml:12:13-47
	android:theme
		ADDED from src\main\AndroidManifest.xml:13:13-57
activity#com.example.android.fingerprintdialog.SignUpActivity
ADDED from src\main\AndroidManifest.xml:14:9-51
	android:name
		ADDED from src\main\AndroidManifest.xml:14:19-49
activity#com.example.android.fingerprintdialog.MainActivity
ADDED from src\main\AndroidManifest.xml:16:9-22:20
	android:label
		ADDED from src\main\AndroidManifest.xml:17:19-59
	android:name
		ADDED from src\main\AndroidManifest.xml:16:19-47
intent-filter#android.intent.action.MAIN+android.intent.category.LAUNCHER
ADDED from src\main\AndroidManifest.xml:18:13-21:29
action#android.intent.action.MAIN
ADDED from src\main\AndroidManifest.xml:19:17-68
	android:name
		ADDED from src\main\AndroidManifest.xml:19:25-66
category#android.intent.category.LAUNCHER
ADDED from src\main\AndroidManifest.xml:20:17-76
	android:name
		ADDED from src\main\AndroidManifest.xml:20:27-74
activity#com.example.android.fingerprintdialog.SettingsActivity
ADDED from src\main\AndroidManifest.xml:24:9-26:55
	android:label
		ADDED from src\main\AndroidManifest.xml:26:13-52
	android:name
		ADDED from src\main\AndroidManifest.xml:25:13-45
uses-sdk
INJECTED from src\main\AndroidManifest.xml reason: use-sdk injection requested
MERGED from [com.android.support:support-v13:24.1.1] AndroidManifest.xml:21:5-23:55
MERGED from [com.android.support:support-v4:24.1.1] AndroidManifest.xml:21:5-23:54
MERGED from [com.android.support:cardview-v7:24.1.1] AndroidManifest.xml:20:5-43
MERGED from [com.android.support:appcompat-v7:24.1.1] AndroidManifest.xml:21:5-23:78
MERGED from [com.android.support:animated-vector-drawable:24.1.1] AndroidManifest.xml:20:5-44
MERGED from [com.android.support:support-vector-drawable:24.1.1] AndroidManifest.xml:21:5-43
	tools:overrideLibrary
		ADDED from [com.android.support:support-v13:24.1.1] AndroidManifest.xml:23:9-52
	android:targetSdkVersion
		INJECTED from src\main\AndroidManifest.xml
		INJECTED from src\main\AndroidManifest.xml
	android:minSdkVersion
		INJECTED from src\main\AndroidManifest.xml
		INJECTED from src\main\AndroidManifest.xml